<?xml version="1.0" encoding="UTF-8"?>
<testsuite name="com.fourcircles.horspool.HorspoolTest" tests="1" skipped="0" failures="0" errors="0" timestamp="2021-01-20T16:01:10" hostname="MacBook-Pro.local" time="0.011">
  <properties/>
  <testcase name="multiple occurence in source()" classname="com.fourcircles.horspool.HorspoolTest" time="0.011"/>
  <system-out><![CDATA[haoopy 5
]]></system-out>
  <system-err><![CDATA[]]></system-err>
</testsuite>
