<?xml version="1.0" encoding="UTF-8"?>
<testsuite name="com.fourcircles.horspool.HorspoolTest" tests="2" skipped="0" failures="0" errors="0" timestamp="2021-01-23T00:08:20" hostname="MacBook-Pro.local" time="0.016">
  <properties/>
  <testcase name="happy path()" classname="com.fourcircles.horspool.HorspoolTest" time="0.014"/>
  <testcase name="not happy path()" classname="com.fourcircles.horspool.HorspoolTest" time="0.001"/>
  <system-out><![CDATA[haoopy 5
Not happy Path = -1
]]></system-out>
  <system-err><![CDATA[]]></system-err>
</testsuite>
